<?xml version="1.0" encoding="UTF-8"?>
<!-- Generated by org.testng.reporters.JUnitReportReporter -->
<testsuite hostname="Baraa" failures="0" tests="4" name="MyMobileTestCase" time="16.489" errors="0" timestamp="2024-12-06T19:39:36 EET" skipped="3">
  <testcase classname="MyMobileTestCase" name="GetTheEvenNumbers" time="16.489"/>
  <system-out/>
  <testcase classname="MyMobileTestCase" name="AddTwoRandomsNumber">
    <skipped/>
  </testcase> <!-- AddTwoRandomsNumber -->
  <system-out/>
  <testcase classname="MyMobileTestCase" name="GetTheOddNumbers">
    <skipped/>
  </testcase> <!-- GetTheOddNumbers -->
  <system-out/>
  <testcase classname="MyMobileTestCase" name="AddTwoNumbers">
    <skipped/>
  </testcase> <!-- AddTwoNumbers -->
  <system-out/>
</testsuite> <!-- MyMobileTestCase -->
